Using pre-set license
Built from '2020.3/staging' branch; Version is '2020.3.0f1 (c7b5465681fb) revision 13088070'; Using compiler version '192528614'; Build Type 'Release'
OS: 'Windows 10 Home; OS build 19041.928; Version 2004; 64bit' Language: 'ja' Physical Memory: 32568 MB
BatchMode: 1, IsHumanControllingUs: 0, StartBugReporterOnCrash: 0, Is64bit: 1, IsPro: 0

 COMMAND LINE ARGUMENTS:
C:\Program Files\Unity\Hub\Editor\2020.3.0f1\Editor\Unity.exe
-adb2
-batchMode
-noUpm
-name
AssetImportWorker0
-projectPath
C:/Users/凛/Documents/GameAward2021_revenge/GameAward2021_revenge
-logFile
Logs/AssetImportWorker0.log
-srvPort
50826
Successfully changed project path to: C:/Users/凛/Documents/GameAward2021_revenge/GameAward2021_revenge
C:/Users/凛/Documents/GameAward2021_revenge/GameAward2021_revenge
Using Asset Import Pipeline V2.
Refreshing native plugins compatible for Editor in 31.12 ms, found 0 plugins.
Preloading 0 native plugins for Editor in 0.00 ms.
Initialize engine version: 2020.3.0f1 (c7b5465681fb)
[Subsystems] Discovering subsystems at path C:/Program Files/Unity/Hub/Editor/2020.3.0f1/Editor/Data/Resources/UnitySubsystems
[Subsystems] Discovering subsystems at path C:/Users/凛/Documents/GameAward2021_revenge/GameAward2021_revenge/Assets
GfxDevice: creating device client; threaded=0
Direct3D:
    Version:  Direct3D 11.0 [level 11.1]
    Renderer: NVIDIA GeForce RTX 3080 (ID=0x2206)
    Vendor:   
    VRAM:     10078 MB
    Driver:   27.21.14.6137
Initialize mono
Mono path[0] = 'C:/Program Files/Unity/Hub/Editor/2020.3.0f1/Editor/Data/Managed'
Mono path[1] = 'C:/Program Files/Unity/Hub/Editor/2020.3.0f1/Editor/Data/MonoBleedingEdge/lib/mono/unityjit'
Mono config path = 'C:/Program Files/Unity/Hub/Editor/2020.3.0f1/Editor/Data/MonoBleedingEdge/etc'
Using monoOptions --debugger-agent=transport=dt_socket,embedding=1,server=y,suspend=n,address=127.0.0.1:56920
Begin MonoManager ReloadAssembly
Registering precompiled unity dll's ...
Register platform support module: C:/Program Files/Unity/Hub/Editor/2020.3.0f1/Editor/Data/PlaybackEngines/WindowsStandaloneSupport/UnityEditor.WindowsStandalone.Extensions.dll
Registered in 0.001293 seconds.
Native extension for WindowsStandalone target not found
Refreshing native plugins compatible for Editor in 32.27 ms, found 0 plugins.
Preloading 0 native plugins for Editor in 0.00 ms.
Invoked RoslynAnalysisRunner static constructor.
RoslynAnalysisRunner will not be running.
RoslynAnalysisRunner has terminated.
Mono: successfully reloaded assembly
- Completed reload, in  0.757 seconds
Platform modules already initialized, skipping
Registering precompiled user dll's ...
Registered in 0.001422 seconds.
Begin MonoManager ReloadAssembly
Native extension for WindowsStandalone target not found
Refreshing native plugins compatible for Editor in 32.69 ms, found 0 plugins.
Preloading 0 native plugins for Editor in 0.00 ms.
Invoked RoslynAnalysisRunner static constructor.
RoslynAnalysisRunner will not be running.
RoslynAnalysisRunner has terminated.
Mono: successfully reloaded assembly
- Completed reload, in  0.766 seconds
Platform modules already initialized, skipping
========================================================================
Worker process is ready to serve import requests
Launched and connected shader compiler UnityShaderCompiler.exe after 0.03 seconds
Refreshing native plugins compatible for Editor in 0.36 ms, found 0 plugins.
Preloading 0 native plugins for Editor in 0.00 ms.
Unloading 2437 Unused Serialized files (Serialized files now loaded: 0)
System memory in use before: 107.0 MB.
System memory in use after: 107.2 MB.

Unloading 78 unused Assets to reduce memory usage. Loaded Objects now: 2879.
Total: 2.183400 ms (FindLiveObjects: 0.222600 ms CreateObjectMapping: 0.121400 ms MarkObjects: 1.729100 ms  DeleteObjects: 0.109600 ms)

========================================================================
Received Import Request.
  path: Assets/ProBuilder Data/Default Material Palette.asset
  artifactKey: Guid(643fd22fd84a9604bb46d5ecdd9d5405) Importer(815301076,1909f56bfc062723c751e8b465ee728b)
Start importing Assets/ProBuilder Data/Default Material Palette.asset using Guid(643fd22fd84a9604bb46d5ecdd9d5405) Importer(815301076,1909f56bfc062723c751e8b465ee728b)  -> (artifact id: '353f63e9b119317fe736f9f5f9feb9d2') in 0.016467 seconds
  Import took 0.019405 seconds .

========================================================================
Received Import Request.
  Time since last request: 0.000225 seconds.
  path: Assets/ProBuilder Data/Default Color Palette.asset
  artifactKey: Guid(1a07127edc6b67b4db6d0b758810393d) Importer(815301076,1909f56bfc062723c751e8b465ee728b)
Start importing Assets/ProBuilder Data/Default Color Palette.asset using Guid(1a07127edc6b67b4db6d0b758810393d) Importer(815301076,1909f56bfc062723c751e8b465ee728b)  -> (artifact id: '40603359cc91641784d53fd7fe727770') in 0.007841 seconds
  Import took 0.010489 seconds .

========================================================================
Received Import Request.
  Time since last request: 35.883643 seconds.
  path: Assets/okada
  artifactKey: Guid(da360aa400c5b704295956d1db87ba15) Importer(815301076,1909f56bfc062723c751e8b465ee728b)
Start importing Assets/okada using Guid(da360aa400c5b704295956d1db87ba15) Importer(815301076,1909f56bfc062723c751e8b465ee728b)  -> (artifact id: 'ac34888c9480f5a4758481b1ada929f6') in 0.004501 seconds
  Import took 0.007378 seconds .

========================================================================
Received Import Request.
  Time since last request: 11.013433 seconds.
  path: Assets/nanase
  artifactKey: Guid(8042ad23273406b468d151e0115234ce) Importer(815301076,1909f56bfc062723c751e8b465ee728b)
Start importing Assets/nanase using Guid(8042ad23273406b468d151e0115234ce) Importer(815301076,1909f56bfc062723c751e8b465ee728b)  -> (artifact id: '2a45a1a03f87ddee48126b7a27c69759') in 0.005962 seconds
  Import took 0.008819 seconds .

========================================================================
Received Import Request.
  Time since last request: 11.544414 seconds.
  path: Assets/kuroiwa
  artifactKey: Guid(ec43c633052d09f45971f54ff4a3b327) Importer(815301076,1909f56bfc062723c751e8b465ee728b)
Start importing Assets/kuroiwa using Guid(ec43c633052d09f45971f54ff4a3b327) Importer(815301076,1909f56bfc062723c751e8b465ee728b)  -> (artifact id: '4f0c0dd174cbf8fefaa9307608d8e171') in 0.005747 seconds
  Import took 0.008576 seconds .

========================================================================
Received Import Request.
  Time since last request: 44.844281 seconds.
  path: Assets/sunghee
  artifactKey: Guid(2fed3e04572fd674599b6497db3fb232) Importer(815301076,1909f56bfc062723c751e8b465ee728b)
Start importing Assets/sunghee using Guid(2fed3e04572fd674599b6497db3fb232) Importer(815301076,1909f56bfc062723c751e8b465ee728b)  -> (artifact id: 'fd9d7b568d2823c32ecb12ce49127172') in 0.005728 seconds
  Import took 0.008633 seconds .

========================================================================
Received Import Request.
  Time since last request: 51.069569 seconds.
  path: Assets/kuroiwa/New Scene.unity
  artifactKey: Guid(501c17a7e389dd04b911ec2b85296b8e) Importer(815301076,1909f56bfc062723c751e8b465ee728b)
Start importing Assets/kuroiwa/New Scene.unity using Guid(501c17a7e389dd04b911ec2b85296b8e) Importer(815301076,1909f56bfc062723c751e8b465ee728b)  -> (artifact id: '0b98e580fef632b53a14aa3f178bb9a8') in 0.006173 seconds
  Import took 0.009259 seconds .

========================================================================
Received Import Request.
  Time since last request: 14.519283 seconds.
  path: Assets/kuroiwa/kuroiwa.unity
  artifactKey: Guid(501c17a7e389dd04b911ec2b85296b8e) Importer(815301076,1909f56bfc062723c751e8b465ee728b)
Start importing Assets/kuroiwa/kuroiwa.unity using Guid(501c17a7e389dd04b911ec2b85296b8e) Importer(815301076,1909f56bfc062723c751e8b465ee728b)  -> (artifact id: '7905eb8d9cd12f10294a1755469d8dfc') in 0.006293 seconds
  Import took 0.009267 seconds .

========================================================================
Received Import Request.
  Time since last request: 13.302609 seconds.
  path: Assets/nanase/New Scene.unity
  artifactKey: Guid(dd8ea8ee22c37ac469d97d09d72d363d) Importer(815301076,1909f56bfc062723c751e8b465ee728b)
Start importing Assets/nanase/New Scene.unity using Guid(dd8ea8ee22c37ac469d97d09d72d363d) Importer(815301076,1909f56bfc062723c751e8b465ee728b)  -> (artifact id: '84695949dac099a7b4a5011b05e0e5fa') in 0.005965 seconds
  Import took 0.008966 seconds .

========================================================================
Received Import Request.
  Time since last request: 4.791869 seconds.
  path: Assets/nanase/nanase.unity
  artifactKey: Guid(dd8ea8ee22c37ac469d97d09d72d363d) Importer(815301076,1909f56bfc062723c751e8b465ee728b)
Start importing Assets/nanase/nanase.unity using Guid(dd8ea8ee22c37ac469d97d09d72d363d) Importer(815301076,1909f56bfc062723c751e8b465ee728b)  -> (artifact id: 'abe50cfaf1f9d987049dfd73c82c1593') in 0.006062 seconds
  Import took 0.009035 seconds .

========================================================================
Received Import Request.
  Time since last request: 13.609542 seconds.
  path: Assets/okada/okada.unity
  artifactKey: Guid(60f1bf06912c7334c9610c0b34e95ad1) Importer(815301076,1909f56bfc062723c751e8b465ee728b)
Start importing Assets/okada/okada.unity using Guid(60f1bf06912c7334c9610c0b34e95ad1) Importer(815301076,1909f56bfc062723c751e8b465ee728b)  -> (artifact id: '9bb70f165c864188ef6e15848abc729c') in 0.006378 seconds
  Import took 0.009359 seconds .

========================================================================
Received Import Request.
  Time since last request: 9.726566 seconds.
  path: Assets/sunghee/sunghee.unity
  artifactKey: Guid(de2a4590a4f498d44816e0234bb02dc0) Importer(815301076,1909f56bfc062723c751e8b465ee728b)
Start importing Assets/sunghee/sunghee.unity using Guid(de2a4590a4f498d44816e0234bb02dc0) Importer(815301076,1909f56bfc062723c751e8b465ee728b)  -> (artifact id: '368df39995df2cd9769c172f316869b1') in 0.006095 seconds
  Import took 0.008986 seconds .

AssetImportWorkerClient::OnTransportError - code=2 error=End of file
